<?xml version="1.0" encoding="UTF-8"?>
<testsuite xmlns:xsi="http://www.w3.org/2001/XMLSchema-instance" xsi:noNamespaceSchemaLocation="https://maven.apache.org/surefire/maven-surefire-plugin/xsd/surefire-test-report.xsd" name="org.xcolab.entity.utils.LinkUtilsTest" time="0.329" tests="7" errors="0" skipped="0" failures="0">
  <properties>
[...]
</properties>
  <testcase name="testGetRelativeUri__empty__shouldReturnRoot" classname="org.xcolab.entity.utils.LinkUtilsTest" time="0.246"/>
  <testcase name="testGetRelativeUri__blank__shouldReturnRoot" classname="org.xcolab.entity.utils.LinkUtilsTest" time="0"/>
  <testcase name="testGetRelativeUri__queryParam" classname="org.xcolab.entity.utils.LinkUtilsTest" time="0.003"/>
  <testcase name="testGetRelativeUri" classname="org.xcolab.entity.utils.LinkUtilsTest" time="0"/>
  <testcase name="testGetRelativeUri__emptyPath__shouldReturnRoot" classname="org.xcolab.entity.utils.LinkUtilsTest" time="0"/>
  <testcase name="testGetRelativeUri__null__shouldReturnNull" classname="org.xcolab.entity.utils.LinkUtilsTest" time="0"/>
  <testcase name="testGetRelativeUri__relativeUri__shouldReturnItself" classname="org.xcolab.entity.utils.LinkUtilsTest" time="0"/>
</testsuite>